<?xml version="1.0" encoding="UTF-8"?>
<!-- Generated by org.testng.reporters.JUnitXMLReporter -->
<testsuite hostname="IBM-Testing01" ignored="0" name="listenersfor2files" tests="4" failures="1" timestamp="08 Jan 2020 07:45:22 GMT" time="37.778" errors="0">
  <testcase name="f" time="10.04" classname="listenersdemo.Dataproviderdemo"/>
  <testcase name="f" time="3.783" classname="listenersdemo.Dataproviderdemo"/>
  <testcase name="checkitle" time="0.02" classname="listenersdemo.VerifyGooglePAge">
    <failure type="java.lang.AssertionError" message="expected [Google] but found [Googlee]">
      <![CDATA[java.lang.AssertionError: expected [Google] but found [Googlee]
at listenersdemo.VerifyGooglePAge.checkitle(VerifyGooglePAge.java:27)
... Removed 31 stack frames]]>
    </failure>
  </testcase> <!-- checkitle -->
  <testcase name="checklogo" time="0.056" classname="listenersdemo.VerifyGooglePAge"/>
</testsuite> <!-- listenersfor2files -->
