<?xml version="1.0" encoding="UTF-8"?>
<!-- Generated by org.testng.reporters.JUnitXMLReporter -->
<testsuite hostname="IBM-Testing01" ignored="0" name="Test" tests="10" failures="0" timestamp="08 Jan 2020 06:01:13 GMT" time="0.091" errors="0">
  <testcase name="regression1" time="0.016" classname="myTestNGpackagegroup.Groupsintesting"/>
  <testcase name="regression2" time="0.004" classname="myTestNGpackagegroup.Groupsintesting"/>
  <testcase name="regression3" time="0.001" classname="myTestNGpackagegroup.Groupsintesting"/>
  <testcase name="smoketest2" time="0.002" classname="myTestNGpackagegroup.Groupsintesting"/>
  <testcase name="somketest1" time="0.0" classname="myTestNGpackagegroup.Groupsintesting"/>
  <testcase name="regression4" time="0.005" classname="myTestNGpackagegroup.Groupsintesting2"/>
  <testcase name="regression5" time="0.004" classname="myTestNGpackagegroup.Groupsintesting2"/>
  <testcase name="regression6" time="0.0" classname="myTestNGpackagegroup.Groupsintesting2"/>
  <testcase name="smoketest4" time="0.0" classname="myTestNGpackagegroup.Groupsintesting2"/>
  <testcase name="somketest3" time="0.001" classname="myTestNGpackagegroup.Groupsintesting2"/>
</testsuite> <!-- Test -->
